[2022-06-05 11:08:08.534494] [wsgi] [Served page /about with status 200 OK]
[2022-06-05 11:08:09.299750] [wsgi] [Served page /favicon.ico with status 400 ERROR]
[2022-06-05 11:08:10.218675] [wsgi] [Served page / with status 200 OK]
[2022-06-05 11:08:10.549726] [wsgi] [Served page /favicon.ico with status 400 ERROR]
[2022-06-05 11:08:11.671356] [wsgi] [Served page /categories with status 200 OK]
[2022-06-05 11:08:12.192309] [wsgi] [Served page /favicon.ico with status 400 ERROR]
[2022-06-13 05:50:59.423161] [wsgi] [Served page / with status 200 OK]
[2022-06-13 05:51:01.237290] [wsgi] [Served page /favicon.ico with status 400 ERROR]
[2022-06-13 05:51:02.283609] [wsgi] [Served page /about with status 200 OK]
[2022-06-13 05:51:02.574524] [wsgi] [Served page /favicon.ico with status 400 ERROR]
[2022-06-13 05:51:04.723540] [wsgi] [Served page /categories with status 200 OK]
[2022-06-13 05:51:05.030042] [wsgi] [Served page /favicon.ico with status 400 ERROR]
[2022-06-13 05:51:07.863292] [wsgi] [Served page /course with status 200 OK]
[2022-06-13 05:51:08.130380] [wsgi] [Served page /favicon.ico with status 400 ERROR]
[2022-06-13 05:51:09.696355] [wsgi] [Served page /categories with status 200 OK]
[2022-06-13 05:51:09.980952] [wsgi] [Served page /favicon.ico with status 400 ERROR]
[2022-06-13 05:51:11.696289] [wsgi] [Served page /course with status 200 OK]
[2022-06-13 05:51:11.966145] [wsgi] [Served page /favicon.ico with status 400 ERROR]
[2022-06-13 05:51:13.734109] [wsgi] [Served page /categories with status 200 OK]
[2022-06-13 05:51:13.995913] [wsgi] [Served page /favicon.ico with status 400 ERROR]
[2022-06-13 05:51:17.056295] [wsgi] [Served page /category_edit with status 200 OK]
[2022-06-13 05:51:17.374047] [wsgi] [Served page /favicon.ico with status 400 ERROR]
[2022-06-13 05:51:23.160617] [wsgi] [Served page /favicon.ico with status 400 ERROR]
[2022-06-13 05:52:17.087057] [wsgi] [Served page /favicon.ico with status 400 ERROR]
[2022-06-13 05:52:58.091311] [wsgi] [Served page /favicon.ico with status 400 ERROR]
[2022-06-13 05:54:57.763225] [wsgi] [Served page /favicon.ico with status 400 ERROR]
[2022-06-13 05:56:27.603558] [wsgi] [Served page /categories with status 200 OK]
[2022-06-13 05:56:32.484859] [wsgi] [Served page /favicon.ico with status 400 ERROR]
[2022-06-13 05:56:37.602718] [wsgi] [Served page /course with status 200 OK]
[2022-06-13 05:56:38.587101] [wsgi] [Served page /favicon.ico with status 400 ERROR]
[2022-06-13 05:56:39.816583] [wsgi] [Served page /categories with status 200 OK]
[2022-06-13 05:56:40.175923] [wsgi] [Served page /list_students with status 200 OK]
[2022-06-13 05:56:40.968906] [wsgi] [Served page /favicon.ico with status 400 ERROR]
[2022-06-13 05:56:43.421987] [wsgi] [Served page /category_edit with status 200 OK]
[2022-06-13 05:56:44.536593] [wsgi] [Served page /favicon.ico with status 400 ERROR]
[2022-06-13 05:58:07.717629] [wsgi] [Served page /category_edit with status 200 OK]
[2022-06-13 05:58:08.558951] [wsgi] [Served page /favicon.ico with status 400 ERROR]
[2022-06-13 05:58:23.220931] [wsgi] [Served page /favicon.ico with status 400 ERROR]
[2022-06-13 05:59:07.816635] [wsgi] [Served page /category_edit with status 200 OK]
[2022-06-13 05:59:13.539180] [wsgi] [Served page /category_edit with status 200 OK]
[2022-06-13 05:59:16.734323] [wsgi] [Served page /favicon.ico with status 400 ERROR]
[2022-06-13 05:59:21.183200] [wsgi] [Served page /categories with status 200 OK]
[2022-06-13 05:59:22.361037] [wsgi] [Served page /favicon.ico with status 400 ERROR]
[2022-06-13 05:59:24.106321] [wsgi] [Served page /categories with status 200 OK]
[2022-06-13 05:59:24.306693] [wsgi] [Served page /list_students with status 200 OK]
[2022-06-13 05:59:25.084671] [wsgi] [Served page /favicon.ico with status 400 ERROR]
[2022-06-13 06:25:04.770797] [wsgi] [Served page /categories with status 200 OK]
[2022-06-13 06:25:07.213572] [wsgi] [Served page /favicon.ico with status 400 ERROR]
[2022-06-13 06:25:10.420875] [wsgi] [Served page /course with status 200 OK]
[2022-06-13 06:25:11.065305] [wsgi] [Served page /favicon.ico with status 400 ERROR]
[2022-06-13 06:25:20.323216] [wsgi] [Served page /categories with status 200 OK]
[2022-06-13 06:25:21.099216] [wsgi] [Served page /favicon.ico with status 400 ERROR]
[2022-06-13 06:28:15.736370] [wsgi] [Served page /category_edit with status 200 OK]
[2022-06-13 06:28:21.062691] [wsgi] [Served page /favicon.ico with status 400 ERROR]
[2022-06-13 06:28:30.595028] [wsgi] [Served page /category_edit with status 200 OK]
[2022-06-13 06:28:30.933158] [wsgi] [Served page /favicon.ico with status 400 ERROR]
[2022-06-13 06:28:44.615275] [wsgi] [Served page /categories with status 200 OK]
[2022-06-13 06:28:44.669262] [wsgi] [Served page /categories with status 200 OK]
[2022-06-13 06:28:44.909325] [wsgi] [Served page /favicon.ico with status 400 ERROR]
[2022-06-13 06:28:49.580519] [wsgi] [Served page /category_edit with status 200 OK]
[2022-06-13 06:28:49.859705] [wsgi] [Served page /favicon.ico with status 400 ERROR]
[2022-06-13 06:29:08.943296] [wsgi] [Served page /categories with status 200 OK]
[2022-06-13 06:29:09.033574] [wsgi] [Served page /categories with status 200 OK]
[2022-06-13 06:29:09.243450] [wsgi] [Served page /favicon.ico with status 400 ERROR]
[2022-06-13 06:29:13.533116] [wsgi] [Served page /category_edit with status 200 OK]
[2022-06-13 06:29:13.591821] [wsgi] [Served page /category_edit with status 200 OK]
[2022-06-13 06:29:13.834782] [wsgi] [Served page /favicon.ico with status 400 ERROR]
[2022-06-13 06:29:17.145124] [wsgi] [Served page /category_edit with status 200 OK]
[2022-06-13 06:29:17.425869] [wsgi] [Served page /favicon.ico with status 400 ERROR]
[2022-06-13 06:29:19.243347] [wsgi] [Served page /categories with status 200 OK]
[2022-06-13 06:29:19.499133] [wsgi] [Served page /favicon.ico with status 400 ERROR]
